[    0.000000] Initializing cgroup subsys cpuset
[    0.000000] Initializing cgroup subsys cpu
[    0.000000] Initializing cgroup subsys cpuacct
[    0.000000] Linux version 4.4.0-206-generic (buildd@lgw01-amd64-039) (gcc version 5.4.0 20160609 (Ubuntu 5.4.0-6ubuntu1~16.04.12) ) #238-Ubuntu SMP Tue Mar 16 07:52:37 UTC 2021 (Ubuntu 4.4.0-206.238-generic 4.4.254)
[    0.000000] Command line: BOOT_IMAGE=/boot/vmlinuz-4.4.0-206-generic root=LABEL=cloudimg-rootfs ro console=tty1 console=ttyS0
[    0.000000] KERNEL supported cpus:
[    0.000000]   Intel GenuineIntel
[    0.000000]   AMD AuthenticAMD
[    0.000000]   Centaur CentaurHauls
[    0.000000] x86/fpu: xstate_offset[2]:  576, xstate_sizes[2]:  256
[    0.000000] x86/fpu: Supporting XSAVE feature 0x01: 'x87 floating point registers'
[    0.000000] x86/fpu: Supporting XSAVE feature 0x02: 'SSE registers'
[    0.000000] x86/fpu: Supporting XSAVE feature 0x04: 'AVX registers'
[    0.000000] x86/fpu: Enabled xstate features 0x7, context size is 832 bytes, using 'standard' format.
[    0.000000] e820: BIOS-provided physical RAM map:
[    0.000000] BIOS-e820: [mem 0x0000000000000000-0x000000000009fbff] usable
[    0.000000] BIOS-e820: [mem 0x000000000009fc00-0x000000000009ffff] reserved
[    0.000000] BIOS-e820: [mem 0x00000000000f0000-0x00000000000fffff] reserved
[    0.000000] BIOS-e820: [mem 0x0000000000100000-0x000000003ffeffff] usable
[    0.000000] BIOS-e820: [mem 0x000000003fff0000-0x000000003fffffff] ACPI data
[    0.000000] BIOS-e820: [mem 0x00000000fec00000-0x00000000fec00fff] reserved
[    0.000000] BIOS-e820: [mem 0x00000000fee00000-0x00000000fee00fff] reserved
[    0.000000] BIOS-e820: [mem 0x00000000fffc0000-0x00000000ffffffff] reserved
[    0.000000] NX (Execute Disable) protection: active
[    0.000000] SMBIOS 2.5 present.
[    0.000000] Hypervisor detected: KVM
[    0.000000] Kernel/User page tables isolation: disabled
[    0.000000] e820: last_pfn = 0x3fff0 max_arch_pfn = 0x400000000
[    0.000000] MTRR: Disabled
[    0.000000] x86/PAT: MTRRs disabled, skipping PAT initialization too.
[    0.000000] CPU MTRRs all blank - virtualized system.
[    0.000000] x86/PAT: Configuration [0-7]: WB  WT  UC- UC  WB  WT  UC- UC  
[    0.000000] found SMP MP-table at [mem 0x0009fff0-0x0009ffff] mapped at [ffff88000009fff0]
[    0.000000] Scanning 1 areas for low memory corruption
[    0.000000] RAMDISK: [mem 0x362de000-0x37166fff]
[    0.000000] ACPI: Early table checksum verification disabled
[    0.000000] ACPI: RSDP 0x00000000000E0000 000024 (v02 VBOX  )
[    0.000000] ACPI: XSDT 0x000000003FFF0030 00003C (v01 VBOX   VBOXXSDT 00000001 ASL  00000061)
[    0.000000] ACPI: FACP 0x000000003FFF00F0 0000F4 (v04 VBOX   VBOXFACP 00000001 ASL  00000061)
[    0.000000] ACPI: DSDT 0x000000003FFF0470 002325 (v02 VBOX   VBOXBIOS 00000002 INTL 20100528)
[    0.000000] ACPI: FACS 0x000000003FFF0200 000040
[    0.000000] ACPI: FACS 0x000000003FFF0200 000040
[    0.000000] ACPI: APIC 0x000000003FFF0240 00005C (v02 VBOX   VBOXAPIC 00000001 ASL  00000061)
[    0.000000] ACPI: SSDT 0x000000003FFF02A0 0001CC (v01 VBOX   VBOXCPUT 00000002 INTL 20100528)
[    0.000000] No NUMA configuration found
[    0.000000] Faking a node at [mem 0x0000000000000000-0x000000003ffeffff]
[    0.000000] NODE_DATA(0) allocated [mem 0x3ffeb000-0x3ffeffff]
[    0.000000] kvm-clock: Using msrs 4b564d01 and 4b564d00
[    0.000000] kvm-clock: cpu 0, msr 0:3ffe3001, primary cpu clock
[    0.000000] kvm-clock: using sched offset of 3447343379 cycles
[    0.000000] clocksource: kvm-clock: mask: 0xffffffffffffffff max_cycles: 0x1cd42e4dffb, max_idle_ns: 881590591483 ns
[    0.000000] Zone ranges:
[    0.000000]   DMA      [mem 0x0000000000001000-0x0000000000ffffff]
[    0.000000]   DMA32    [mem 0x0000000001000000-0x000000003ffeffff]
[    0.000000]   Normal   empty
[    0.000000]   Device   empty
[    0.000000] Movable zone start for each node
[    0.000000] Early memory node ranges
[    0.000000]   node   0: [mem 0x0000000000001000-0x000000000009efff]
[    0.000000]   node   0: [mem 0x0000000000100000-0x000000003ffeffff]
[    0.000000] Initmem setup node 0 [mem 0x0000000000001000-0x000000003ffeffff]
[    0.000000] ACPI: PM-Timer IO Port: 0x4008
[    0.000000] IOAPIC[0]: apic_id 2, version 32, address 0xfec00000, GSI 0-23
[    0.000000] ACPI: INT_SRC_OVR (bus 0 bus_irq 0 global_irq 2 dfl dfl)
[    0.000000] ACPI: INT_SRC_OVR (bus 0 bus_irq 9 global_irq 9 low level)
[    0.000000] Using ACPI (MADT) for SMP configuration information
[    0.000000] smpboot: Allowing 2 CPUs, 0 hotplug CPUs
[    0.000000] PM: Registered nosave memory: [mem 0x00000000-0x00000fff]
[    0.000000] PM: Registered nosave memory: [mem 0x0009f000-0x0009ffff]
[    0.000000] PM: Registered nosave memory: [mem 0x000a0000-0x000effff]
[    0.000000] PM: Registered nosave memory: [mem 0x000f0000-0x000fffff]
[    0.000000] e820: [mem 0x40000000-0xfebfffff] available for PCI devices
[    0.000000] Booting paravirtualized kernel on KVM
[    0.000000] clocksource: refined-jiffies: mask: 0xffffffff max_cycles: 0xffffffff, max_idle_ns: 7645519600211568 ns
[    0.000000] setup_percpu: NR_CPUS:512 nr_cpumask_bits:512 nr_cpu_ids:2 nr_node_ids:1
[    0.000000] PERCPU: Embedded 33 pages/cpu @ffff88003fc00000 s95640 r8192 d31336 u1048576
[    0.000000] Built 1 zonelists in Node order, mobility grouping on.  Total pages: 257912
[    0.000000] Policy zone: DMA32
[    0.000000] Kernel command line: BOOT_IMAGE=/boot/vmlinuz-4.4.0-206-generic root=LABEL=cloudimg-rootfs ro console=tty1 console=ttyS0
[    0.000000] PID hash table entries: 4096 (order: 3, 32768 bytes)
[    0.000000] Memory: 997656K/1048120K available (8641K kernel code, 1337K rwdata, 4044K rodata, 1496K init, 1296K bss, 50464K reserved, 0K cma-reserved)
[    0.000000] SLUB: HWalign=64, Order=0-3, MinObjects=0, CPUs=2, Nodes=1
[    0.000000] Hierarchical RCU implementation.
[    0.000000] 	Build-time adjustment of leaf fanout to 64.
[    0.000000] 	RCU restricting CPUs from NR_CPUS=512 to nr_cpu_ids=2.
[    0.000000] RCU: Adjusting geometry for rcu_fanout_leaf=64, nr_cpu_ids=2
[    0.000000] NR_IRQS:33024 nr_irqs:440 16
[    0.000000] Console: colour VGA+ 80x25
[    0.000000] console [tty1] enabled
[    0.000000] console [ttyS0] enabled
[    0.000000] tsc: Detected 1800.000 MHz processor
[    0.160955] Calibrating delay loop (skipped) preset value.. 3600.00 BogoMIPS (lpj=7200000)
[    0.162797] pid_max: default: 32768 minimum: 301
[    0.163785] ACPI: Core revision 20150930
[    0.165621] ACPI: 2 ACPI AML tables successfully acquired and loaded
[    0.167091] Security Framework initialized
[    0.168136] Yama: becoming mindful.
[    0.169088] AppArmor: AppArmor initialized
[    0.170085] Dentry cache hash table entries: 131072 (order: 8, 1048576 bytes)
[    0.171632] Inode-cache hash table entries: 65536 (order: 7, 524288 bytes)
[    0.176391] Mount-cache hash table entries: 2048 (order: 2, 16384 bytes)
[    0.177806] Mountpoint-cache hash table entries: 2048 (order: 2, 16384 bytes)
[    0.179414] Initializing cgroup subsys io
[    0.180273] Initializing cgroup subsys memory
[    0.181297] Initializing cgroup subsys devices
[    0.182209] Initializing cgroup subsys freezer
[    0.183260] Initializing cgroup subsys net_cls
[    0.184421] Initializing cgroup subsys perf_event
[    0.185419] Initializing cgroup subsys net_prio
[    0.186374] Initializing cgroup subsys hugetlb
[    0.187347] Initializing cgroup subsys pids
[    0.207210] mce: CPU supports 0 MCE banks
[    0.208204] Last level iTLB entries: 4KB 64, 2MB 8, 4MB 8
[    0.209321] Last level dTLB entries: 4KB 64, 2MB 0, 4MB 0, 1GB 4
[    0.210647] Spectre V1 : Mitigation: usercopy/swapgs barriers and __user pointer sanitization
[    0.212728] Spectre V2 : Mitigation: Full generic retpoline
[    0.213888] Spectre V2 : Spectre v2 / SpectreRSB mitigation: Filling RSB on context switch
[    0.215849] Speculative Store Bypass: Vulnerable
[    0.217159] SRBDS: Unknown: Dependent on hypervisor status
[    0.218853] MDS: Mitigation: Clear CPU buffers
[    0.222929] Freeing SMP alternatives memory: 36K
[    0.231154] ftrace: allocating 32370 entries in 127 pages
[    0.303732] smpboot: APIC(0) Converting physical 0 to logical package 0
[    0.305585] smpboot: Max logical packages: 1
[    0.306762] x2apic enabled
[    0.307658] Switched APIC routing to physical x2apic.
[    0.309954] ..TIMER: vector=0x30 apic1=0 pin1=2 apic2=-1 pin2=-1
[    0.419441] smpboot: CPU0: Intel(R) Core(TM) i5-8265U CPU @ 1.60GHz (family: 0x6, model: 0x8e, stepping: 0xb)
[    0.421863] Performance Events: unsupported p6 CPU model 142 no PMU driver, software events only.
[    0.434947] KVM setup paravirtual spinlock
[    0.436938] x86: Booting SMP configuration:
[    0.437957] .... node  #0, CPUs:      #1
[    0.439146] kvm-clock: cpu 1, msr 0:3ffe3041, secondary cpu clock
[    0.456963] mce: CPU supports 0 MCE banks
[    0.459644] x86: Booted up 1 node, 2 CPUs
[    0.460775] smpboot: Total of 2 processors activated (7200.00 BogoMIPS)
[    0.462810] devtmpfs: initialized
[    0.465692] evm: security.selinux
[    0.466492] evm: security.SMACK64
[    0.467652] evm: security.SMACK64EXEC
[    0.468650] evm: security.SMACK64TRANSMUTE
[    0.469992] evm: security.SMACK64MMAP
[    0.470841] evm: security.ima
[    0.471693] evm: security.capability
[    0.472952] clocksource: jiffies: mask: 0xffffffff max_cycles: 0xffffffff, max_idle_ns: 7645041785100000 ns
[    0.475142] futex hash table entries: 512 (order: 3, 32768 bytes)
[    0.476449] pinctrl core: initialized pinctrl subsystem
[    0.477574] RTC time: 14:21:19, date: 04/12/21
[    0.481999] NET: Registered protocol family 16
[    0.493251] cpuidle: using governor ladder
[    0.504926] cpuidle: using governor menu
[    0.506149] PCCT header not found.
[    0.507594] ACPI: bus type PCI registered
[    0.509056] acpiphp: ACPI Hot Plug PCI Controller Driver version: 0.5
[    0.511031] PCI: Using configuration type 1 for base access
[    0.526064] ACPI: Added _OSI(Module Device)
[    0.527608] ACPI: Added _OSI(Processor Device)
[    0.528849] ACPI: Added _OSI(3.0 _SCP Extensions)
[    0.529995] ACPI: Added _OSI(Processor Aggregator Device)
[    0.532091] ACPI: Executed 1 blocks of module-level executable AML code
[    0.535946] ACPI: Interpreter enabled
[    0.537084] ACPI: (supports S0 S5)
[    0.538027] ACPI: Using IOAPIC for interrupt routing
[    0.539193] PCI: Using host bridge windows from ACPI; if necessary, use "pci=nocrs" and report a bug
[    0.544781] ACPI: PCI Root Bridge [PCI0] (domain 0000 [bus 00-ff])
[    0.545988] acpi PNP0A03:00: _OSC: OS supports [ASPM ClockPM Segments MSI]
[    0.547773] acpi PNP0A03:00: _OSC: not requesting OS control; OS requires [ExtendedConfig ASPM ClockPM MSI]
[    0.549724] acpi PNP0A03:00: fail to add MMCONFIG information, can't access extended PCI configuration space under this bridge.
[    0.552965] PCI host bridge to bus 0000:00
[    0.553959] pci_bus 0000:00: root bus resource [io  0x0000-0x0cf7 window]
[    0.555541] pci_bus 0000:00: root bus resource [io  0x0d00-0xffff window]
[    0.557089] pci_bus 0000:00: root bus resource [mem 0x000a0000-0x000bffff window]
[    0.558854] pci_bus 0000:00: root bus resource [mem 0x40000000-0xfdffffff window]
[    0.560714] pci_bus 0000:00: root bus resource [bus 00-ff]
[    0.564022] pci 0000:00:01.1: legacy IDE quirk: reg 0x10: [io  0x01f0-0x01f7]
[    0.565390] pci 0000:00:01.1: legacy IDE quirk: reg 0x14: [io  0x03f6]
[    0.566712] pci 0000:00:01.1: legacy IDE quirk: reg 0x18: [io  0x0170-0x0177]
[    0.579389] pci 0000:00:01.1: legacy IDE quirk: reg 0x1c: [io  0x0376]
[    0.600538] pci 0000:00:07.0: quirk: [io  0x4000-0x403f] claimed by PIIX4 ACPI
[    0.602586] pci 0000:00:07.0: quirk: [io  0x4100-0x410f] claimed by PIIX4 SMB
[    0.625606] ACPI: PCI Interrupt Link [LNKA] (IRQs 5 9 10 *11)
[    0.628279] ACPI: PCI Interrupt Link [LNKB] (IRQs 5 9 *10 11)
[    0.630946] ACPI: PCI Interrupt Link [LNKC] (IRQs 5 *9 10 11)
[    0.633424] ACPI: PCI Interrupt Link [LNKD] (IRQs 5 9 10 *11)
[    0.636067] ACPI: Enabled 2 GPEs in block 00 to 07
[    0.638067] vgaarb: setting as boot device: PCI:0000:00:02.0
[    0.639324] vgaarb: device added: PCI:0000:00:02.0,decodes=io+mem,owns=io+mem,locks=none
[    0.641235] vgaarb: loaded
[    0.641968] vgaarb: bridge control possible 0000:00:02.0
[    0.643521] SCSI subsystem initialized
[    0.644628] ACPI: bus type USB registered
[    0.645746] usbcore: registered new interface driver usbfs
[    0.646981] usbcore: registered new interface driver hub
[    0.648261] usbcore: registered new device driver usb
[    0.649797] PCI: Using ACPI for IRQ routing
[    0.651556] NetLabel: Initializing
[    0.652473] NetLabel:  domain hash size = 128
[    0.653572] NetLabel:  protocols = UNLABELED CIPSOv4
[    0.654670] NetLabel:  unlabeled traffic allowed by default
[    0.656309] amd_nb: Cannot enumerate AMD northbridges
[    0.657524] clocksource: Switched to clocksource kvm-clock
[    0.672106] AppArmor: AppArmor Filesystem Enabled
[    0.673535] pnp: PnP ACPI init
[    0.675238] pnp: PnP ACPI: found 3 devices
[    0.689631] clocksource: acpi_pm: mask: 0xffffff max_cycles: 0xffffff, max_idle_ns: 2085701024 ns
[    0.691670] NET: Registered protocol family 2
[    0.692880] TCP established hash table entries: 8192 (order: 4, 65536 bytes)
[    0.694400] TCP bind hash table entries: 8192 (order: 5, 131072 bytes)
[    0.695847] TCP: Hash tables configured (established 8192 bind 8192)
[    0.697331] UDP hash table entries: 512 (order: 2, 16384 bytes)
[    0.698720] UDP-Lite hash table entries: 512 (order: 2, 16384 bytes)
[    0.704268] NET: Registered protocol family 1
[    0.705530] pci 0000:00:00.0: Limiting direct PCI/PCI transfers
[    0.706829] pci 0000:00:01.0: Activating ISA DMA hang workarounds
[    0.708295] Unpacking initramfs...
[    1.027728] Freeing initrd memory: 14884K
[    1.029026] clocksource: tsc: mask: 0xffffffffffffffff max_cycles: 0x19f2297dd97, max_idle_ns: 440795236593 ns
[    1.031563] platform rtc_cmos: registered platform RTC device (no PNP device found)
[    1.033765] Scanning for low memory corruption every 60 seconds
[    1.035978] audit: initializing netlink subsys (disabled)
[    1.037496] audit: type=2000 audit(1618237285.444:1): initialized
[    1.039391] Initialise system trusted keyring
[    1.040813] HugeTLB registered 2 MB page size, pre-allocated 0 pages
[    1.044211] zbud: loaded
[    1.045331] VFS: Disk quotas dquot_6.6.0
[    1.046450] VFS: Dquot-cache hash table entries: 512 (order 0, 4096 bytes)
[    1.048257] squashfs: version 4.0 (2009/01/31) Phillip Lougher
[    1.053679] fuse init (API version 7.23)
[    1.054985] Key type big_key registered
[    1.056221] Allocating IMA MOK and blacklist keyrings.
[    1.060855] Key type asymmetric registered
[    1.061977] Asymmetric key parser 'x509' registered
[    1.063637] Block layer SCSI generic (bsg) driver version 0.4 loaded (major 249)
[    1.065785] io scheduler noop registered
[    1.067220] io scheduler deadline registered (default)
[    1.068620] io scheduler cfq registered
[    1.069636] pci_hotplug: PCI Hot Plug PCI Core version: 0.5
[    1.070892] pciehp: PCI Express Hot Plug Controller Driver version: 0.4
[    1.072544] ACPI: AC Adapter [AC] (on-line)
[    1.073560] input: Power Button as /devices/LNXSYSTM:00/LNXPWRBN:00/input/input0
[    1.075317] ACPI: Power Button [PWRF]
[    1.076253] input: Sleep Button as /devices/LNXSYSTM:00/LNXSLPBN:00/input/input1
[    1.078180] ACPI: Sleep Button [SLPF]
[    1.079493] GHES: HEST is not enabled!
[    1.080248] ACPI: Battery Slot [BAT0] (battery present)
[    1.082116] Serial: 8250/16550 driver, 32 ports, IRQ sharing enabled
[    1.104592] 00:02: ttyS0 at I/O 0x3f8 (irq = 4, base_baud = 115200) is a 16550A
[    1.110829] Linux agpgart interface v0.103
[    1.114279] loop: module loaded
[    1.115655] scsi host0: ata_piix
[    1.116701] scsi host1: ata_piix
[    1.117860] ata1: PATA max UDMA/33 cmd 0x1f0 ctl 0x3f6 bmdma 0xd000 irq 14
[    1.119395] ata2: PATA max UDMA/33 cmd 0x170 ctl 0x376 bmdma 0xd008 irq 15
[    1.120871] libphy: Fixed MDIO Bus: probed
[    1.121911] tun: Universal TUN/TAP device driver, 1.6
[    1.123136] tun: (C) 1999-2004 Max Krasnyansky <maxk@qualcomm.com>
[    1.124645] PPP generic driver version 2.4.2
[    1.125767] ehci_hcd: USB 2.0 'Enhanced' Host Controller (EHCI) Driver
[    1.127270] ehci-pci: EHCI PCI platform driver
[    1.128274] ehci-platform: EHCI generic platform driver
[    1.129433] ohci_hcd: USB 1.1 'Open' Host Controller (OHCI) Driver
[    1.130759] ohci-pci: OHCI PCI platform driver
[    1.131878] ohci-platform: OHCI generic platform driver
[    1.133077] uhci_hcd: USB Universal Host Controller Interface driver
[    1.135166] i8042: PNP: PS/2 Controller [PNP0303:PS2K,PNP0f03:PS2M] at 0x60,0x64 irq 1,12
[    1.138919] serio: i8042 KBD port at 0x60,0x64 irq 1
[    1.139941] serio: i8042 AUX port at 0x60,0x64 irq 12
[    1.141345] mousedev: PS/2 mouse device common for all mice
[    1.143137] input: AT Translated Set 2 keyboard as /devices/platform/i8042/serio0/input/input2
[    1.145463] rtc_cmos rtc_cmos: rtc core: registered rtc_cmos as rtc0
[    1.146993] rtc_cmos rtc_cmos: alarms up to one day, 114 bytes nvram
[    1.148314] i2c /dev entries driver
[    1.149281] device-mapper: uevent: version 1.0.3
[    1.150898] device-mapper: ioctl: 4.34.0-ioctl (2015-10-28) initialised: dm-devel@redhat.com
[    1.152920] ledtrig-cpu: registered to indicate activity on CPUs
[    1.154641] NET: Registered protocol family 10
[    1.155904] NET: Registered protocol family 17
[    1.157005] Key type dns_resolver registered
[    1.158838] registered taskstats version 1
[    1.159898] Loading compiled-in X.509 certificates
[    1.161830] Loaded X.509 cert 'Build time autogenerated kernel key: 516e255599dc793c39c72783e7b5301ff98d6a80'
[    1.164416] zswap: loaded using pool lzo/zbud
[    1.168466] Key type trusted registered
[    1.173860] Key type encrypted registered
[    1.174923] AppArmor: AppArmor sha1 policy hashing enabled
[    1.176249] ima: No TPM chip found, activating TPM-bypass!
[    1.177767] ima: Allocated hash algorithm: sha1
[    1.178844] evm: HMAC attrs: 0x1
[    1.180174]   Magic number: 1:197:384
[    1.181204] rtc_cmos rtc_cmos: setting system clock to 2021-04-12 14:21:20 UTC (1618237280)
[    1.183579] BIOS EDD facility v0.16 2004-Jun-25, 0 devices found
[    1.185040] EDD information not available.
[    1.299075] Freeing unused kernel memory: 1496K
[    1.300068] Write protecting the kernel read-only data: 14336k
[    1.302062] Freeing unused kernel memory: 1588K
[    1.303468] Freeing unused kernel memory: 52K
Loading, please wait...
starting version 229
[    1.319193] random: systemd-udevd: uninitialized urandom read (16 bytes read, 3 bits of entropy available)
[    1.319887] random: udevadm: uninitialized urandom read (16 bytes read, 3 bits of entropy available)
[    1.319914] random: udevadm: uninitialized urandom read (16 bytes read, 3 bits of entropy available)
[    1.325178] random: systemd-udevd: uninitialized urandom read (16 bytes read, 3 bits of entropy available)
[    1.327157] random: udevadm: uninitialized urandom read (16 bytes read, 3 bits of entropy available)
[    1.327206] random: udevadm: uninitialized urandom read (16 bytes read, 3 bits of entropy available)
[    1.327331] random: udevadm: uninitialized urandom read (16 bytes read, 3 bits of entropy available)
[    1.327385] random: udevadm: uninitialized urandom read (16 bytes read, 3 bits of entropy available)
[    1.327436] random: udevadm: uninitialized urandom read (16 bytes read, 3 bits of entropy available)
[    1.327488] random: udevadm: uninitialized urandom read (16 bytes read, 3 bits of entropy available)
[    1.377942] e1000: Intel(R) PRO/1000 Network Driver - version 7.3.21-k8-NAPI
[    1.379655] e1000: Copyright (c) 1999-2006 Intel Corporation.
[    1.383946] Fusion MPT base driver 3.04.20
[    1.385089] Copyright (c) 1999-2008 LSI Corporation
[    1.424846] Fusion MPT SPI Host driver 3.04.20
[    1.432150] AVX2 version of gcm_enc/dec engaged.
[    1.433662] AES CTR mode by8 optimization enabled
[    1.605277] input: ImExPS/2 Generic Explorer Mouse as /devices/platform/i8042/serio1/input/input4
[    1.812905] e1000 0000:00:03.0 eth0: (PCI:33MHz:32-bit) 02:b5:11:9f:b1:da
[    1.814677] e1000 0000:00:03.0 eth0: Intel(R) PRO/1000 Network Connection
[    1.816991] mptbase: ioc0: Initiating bringup
[    1.881853] ioc0: LSI53C1030 A0: Capabilities={Initiator}
[    2.045390] scsi host2: ioc0: LSI53C1030 A0, FwRev=00000000h, Ports=1, MaxQ=256, IRQ=20
[    2.158563] scsi 2:0:0:0: Direct-Access     VBOX     HARDDISK         1.0  PQ: 0 ANSI: 5
[    2.160560] scsi target2:0:0: Beginning Domain Validation
[    2.164492] scsi target2:0:0: Domain Validation skipping write tests
[    2.166030] scsi target2:0:0: Ending Domain Validation
[    2.167818] scsi target2:0:0: asynchronous
[    2.170474] scsi 2:0:1:0: Direct-Access     VBOX     HARDDISK         1.0  PQ: 0 ANSI: 5
[    2.172483] scsi target2:0:1: Beginning Domain Validation
[    2.176284] scsi target2:0:1: Domain Validation skipping write tests
[    2.177988] scsi target2:0:1: Ending Domain Validation
[    2.179330] scsi target2:0:1: asynchronous
[    2.210284] sd 2:0:0:0: Attached scsi generic sg0 type 0
[    2.211894] sd 2:0:1:0: Attached scsi generic sg1 type 0
[    2.213436] sd 2:0:1:0: [sdb] 20480 512-byte logical blocks: (10.5 MB/10.0 MiB)
[    2.216081] sd 2:0:0:0: [sda] 83886080 512-byte logical blocks: (42.9 GB/40.0 GiB)
[    2.219094] sd 2:0:1:0: [sdb] Write Protect is off
[    2.221247] sd 2:0:0:0: [sda] Write Protect is off
[    2.222453] sd 2:0:1:0: [sdb] Incomplete mode parameter data
[    2.223690] sd 2:0:1:0: [sdb] Assuming drive cache: write through
[    2.225173] sd 2:0:0:0: [sda] Incomplete mode parameter data
[    2.226569] sd 2:0:0:0: [sda] Assuming drive cache: write through
[    2.230773]  sda: sda1
[    2.233872] sd 2:0:1:0: [sdb] Attached SCSI disk
[    2.235374] sd 2:0:0:0: [sda] Attached SCSI disk
[    2.565765] e1000 0000:00:08.0 eth1: (PCI:33MHz:32-bit) 08:00:27:d7:60:08
[    2.567714] e1000 0000:00:08.0 eth1: Intel(R) PRO/1000 Network Connection
[    2.570366] e1000 0000:00:03.0 enp0s3: renamed from eth0
[    2.589998] e1000 0000:00:08.0 enp0s8: renamed from eth1
Begin: Loading essential drivers ... [    3.925552] md: linear personality registered for level -1
[    3.929684] md: multipath personality registered for level -4
[    3.938159] md: raid0 personality registered for level 0
[    3.943185] md: raid1 personality registered for level 1
[    4.013601] raid6: sse2x1   gen()  9071 MB/s
[    4.081896] raid6: sse2x1   xor()  7449 MB/s
[    4.149817] raid6: sse2x2   gen() 12656 MB/s
[    4.217629] raid6: sse2x2   xor()  8396 MB/s
[    4.285612] raid6: sse2x4   gen() 11511 MB/s
[    4.353740] raid6: sse2x4   xor()  8091 MB/s
[    4.422017] raid6: avx2x1   gen() 16830 MB/s
[    4.489864] raid6: avx2x2   gen() 18507 MB/s
[    4.557713] raid6: avx2x4   gen() 20733 MB/s
[    4.558713] raid6: using algorithm avx2x4 gen() 20733 MB/s
[    4.559868] raid6: using avx2x2 recovery algorithm
[    4.562135] xor: automatically using best checksumming function:
[    4.601839]    avx       : 20217.000 MB/sec
[    4.604564] async_tx: api initialized (async)
[    4.618610] md: raid6 personality registered for level 6
[    4.620459] md: raid5 personality registered for level 5
[    4.622017] md: raid4 personality registered for level 4
[    4.630758] md: raid10 personality registered for level 10
done.
Begin: Running /scripts/init-premount ... done.
Begin: Mounting root file system ... Begin: Running /scripts/local-top ... done.
Begin: Running /scripts/local-premount ... [    4.669636] Btrfs loaded
Scanning for Btrfs filesystems
done.
Warning: fsck not present, so skipping root file system
[    4.712094] EXT4-fs (sda1): mounted filesystem with ordered data mode. Opts: (null)
done.
Begin: Running /scripts/local-bottom ... done.
Begin: Running /scripts/init-bottom ... done.
[    4.813037] systemd[1]: systemd 229 running in system mode. (+PAM +AUDIT +SELINUX +IMA +APPARMOR +SMACK +SYSVINIT +UTMP +LIBCRYPTSETUP +GCRYPT +GNUTLS +ACL +XZ -LZ4 +SECCOMP +BLKID +ELFUTILS +KMOD -IDN)
[    4.816946] systemd[1]: Detected virtualization oracle.
[    4.818511] systemd[1]: Detected architecture x86-64.

Welcome to [1mUbuntu 16.04.7 LTS[0m!

[    4.822419] systemd[1]: Set hostname to <ubuntu>.
[    4.826523] systemd[1]: Initializing machine ID from random generator.
[    4.827841] systemd[1]: Installed transient /etc/machine-id file.
[    4.970310] systemd[1]: Listening on fsck to fsckd communication Socket.
[[0;32m  OK  [0m] Listening on fsck to fsckd communication Socket.
[    4.972845] systemd[1]: Listening on udev Kernel Socket.
[[0;32m  OK  [0m] Listening on udev Kernel Socket.
[    4.982024] systemd[1]: Set up automount Arbitrary Executable File Formats File System Automount Point.
[[0;32m  OK  [0m] Set up automount Arbitrary Executab...ats File System Automount Point.
[    4.989752] systemd[1]: Listening on Device-mapper event daemon FIFOs.
[[0;32m  OK  [0m] Listening on Device-mapper event daemon FIFOs.
[    4.998837] systemd[1]: Started Forward Password Requests to Wall Directory Watch.
[[0;32m  OK  [0m] Started Forward Password Requests to Wall Directory Watch.
[    5.002917] systemd[1]: Started Trigger resolvconf update for networkd DNS.
[[0;32m  OK  [0m] Started Trigger resolvconf update for networkd DNS.
[    5.005316] systemd[1]: Created slice System Slice.
[[0;32m  OK  [0m] Created slice System Slice.
[    5.007162] systemd[1]: Listening on LVM2 poll daemon socket.
[[0;32m  OK  [0m] Listening on LVM2 poll daemon socket.
[    5.014385] systemd[1]: Listening on Syslog Socket.
[[0;32m  OK  [0m] Listening on Syslog Socket.
[    5.021972] systemd[1]: Listening on udev Control Socket.
[[0;32m  OK  [0m] Listening on udev Control Socket.
[    5.024039] systemd[1]: Listening on Journal Audit Socket.
[[0;32m  OK  [0m] Listening on Journal Audit Socket.
[    5.034629] systemd[1]: Reached target User and Group Name Lookups.
[[0;32m  OK  [0m] Reached target User and Group Name Lookups.
[    5.036873] systemd[1]: Listening on /dev/initctl Compatibility Named Pipe.
[[0;32m  OK  [0m] Listening on /dev/initctl Compatibility Named Pipe.
[    5.047172] systemd[1]: Created slice system-serial\x2dgetty.slice.
[[0;32m  OK  [0m] Created slice system-serial\x2dgetty.slice.
[    5.054199] systemd[1]: Listening on Journal Socket.
[[0;32m  OK  [0m] Listening on Journal Socket.
[    5.065934] systemd[1]: Starting Uncomplicated firewall...
         Starting Uncomplicated firewall...
[    5.074683] systemd[1]: Mounting Debug File System...
         Mounting Debug File System...
[    5.083037] systemd[1]: Starting Set console keymap...
         Starting Set console keymap...
[    5.085820] systemd[1]: Mounting Huge Pages File System...
         Mounting Huge Pages File System...
[    5.088328] systemd[1]: Starting Create list of required static device nodes for the current kernel...
         Starting Create list of required st... nodes for the current kernel...
[    5.094420] systemd[1]: Starting Load Kernel Modules...
         Starting Load Kernel Modules...
[    5.096863] systemd[1]: Mounting POSIX Message Queue File System...
         Mounting POSIX Message Queue File System...
[    5.102336] systemd[1]: Starting Nameserver information manager...
         Starting Nameserver information manager...
[    5.105491] systemd[1]: Reached target Swap.
[[0;32m  OK  [0m] Reached target Swap.
[    5.112394] Loading iSCSI transport class v2.0-870.
[    5.114063] systemd[1]: Listening on LVM2 metadata daemon socket.
[[0;32m  OK  [0m] Listening on LVM2 metadata daemon socket.
[    5.119500] systemd[1]: Starting Monitoring of LVM2 mirrors, snapshots etc. using dmeventd or progress polling...
         Starting Monitoring of LVM2 mirrors... dmeventd or progress polling...
[    5.123576] systemd[1]: Reached target System Time Synchronized.
[[0;32m  OK  [0m] Reached target System Time Synchronized.
[    5.127758] systemd[1]: Starting File System Check on Root Device...
         Starting File System Check on Root Device...
[    5.130192] systemd[1]: Created slice User and Session Slice.
[    5.136612] iscsi: registered transport (tcp)
[[0;32m  OK  [0m] Created slice User and Session Slice.
[    5.138941] systemd[1]: Reached target Slices.
[[0;32m  OK  [0m] Reached target Slices.
[    5.140568] systemd[1]: Reached target Encrypted Volumes.
[[0;32m  OK  [0m] Reached target Encrypted Volumes.
[    5.144691] systemd[1]: Listening on Journal Socket (/dev/log).
[[0;32m  OK  [0m] Listening on Journal Socket (/dev/log).
[    5.165733] systemd[1]: Starting Journal Service...
         Starting Journal Service...
[    5.169810] systemd[1]: Mounted Huge Pages File System.
[[0;32m  OK  [0m] Mounted Huge Pages File System.
[    5.172391] systemd[1]: Mounted Debug File System.
[[0;32m  OK  [0m] Mounted Debug File System.
[    5.174832] systemd[1]: Mounted POSIX Message Queue File System.
[[0;32m  OK  [0m] Mounted POSIX Message Queue File System.
[    5.185199] systemd[1]: Started Uncomplicated firewall.
[[0;32m  OK  [0m] Started Uncomplicated firewall.
[    5.187448] iscsi: registered transport (iser)
[    5.189578] systemd[1]: Started Set console keymap.
[[0;32m  OK  [0m] Started Set console keymap.
[    5.198252] systemd[1]: Started Create list of required static device nodes for the current kernel.
[[0;32m  OK  [0m] Started Create list of required sta...ce nodes for the current kernel.
[    5.202466] systemd[1]: Started Load Kernel Modules.
[[0;32m  OK  [0m] Started Load Kernel Modules.
[    5.218844] systemd[1]: Started File System Check on Root Device.
[[0;32m  OK  [0m] Started File System Check on Root Device.
[    5.230740] systemd[1]: Started Nameserver information manager.
[[0;32m  OK  [0m] Started Nameserver information manager.
[    5.240059] systemd[1]: Started Journal Service.
[[0;32m  OK  [0m] Started Journal Service.
[[0;32m  OK  [0m] Started LVM2 metadata daemon.
[[0;32m  OK  [0m] Started File System Check Daemon to report status.
         Starting Remount Root and Kernel File Systems...
         Starting Apply Kernel Variables...
         Mounting FUSE Control File System...
         [    5.259640] EXT4-fs (sda1): re-mounted. Opts: (null)
Starting Create Static Device Nodes in /dev...
[[0;32m  OK  [0m] Mounted FUSE Control File System.
[[0;32m  OK  [0m] Started Remount Root and Kernel File Systems.
[[0;32m  OK  [0m] Started Apply Kernel Variables.
         Starting Load/Save Random Seed...
         Starting udev Coldplug all Devices...
         Starting Flush Journal to Persistent Storage...
[[0;32m  OK  [0m] Started Create Static Device Nodes in /dev.
[[0;32m  OK  [0m] Started Load/Save Random Seed.
         Starting udev Kernel Device Manager...
[[0;32m  OK  [0m] Started Flush Journal to Persistent Storage.
[[0;32m  OK  [0m] Started udev Kernel Device Manager.
[[0;32m  OK  [0m] Started udev Coldplug all Devices.
[[0;32m  OK  [0m] Started Dispatch Password Requests to Console Directory Watch.
[[0;32m  OK  [0m] Started Monitoring of LVM2 mirrors,...ng dmeventd or progress polling.
[[0;32m  OK  [0m] Reached target Local File Systems (Pre).
[[0;32m  OK  [0m] Reached target Local File Systems.
         Starting LSB: AppArmor initialization...
         Starting Commit a transient machine-id on disk...
         Starting Set console font and keymap...
         Starting Tell Plymouth To Write Out Runtime Data...
         Starting Create Volatile Files and Directories...
         Starting Initial cloud-init job (pre-networking)...
[[0;32m  OK  [0m] Started Create Volatile Files and Directories.
[[0;32m  OK  [0m] Started Tell Plymouth To Write Out Runtime Data.
[[0;32m  OK  [0m] Started Commit a transient machine-id on disk.
         Starting Update UTMP about System Boot/Shutdown...
[[0;32m  OK  [0m] Started Update UTMP about System Boot/Shutdown.
[[0;32m  OK  [0m] Found device /dev/ttyS0.
[[0;32m  OK  [0m] Listening on Load/Save RF Kill Switch Status /dev/rfkill Watch.
[[0;32m  OK  [0m] Started LSB: AppArmor initialization.
[    7.115023] cloud-init[497]: Cloud-init v. 20.4.1-0ubuntu1~16.04.1 running 'init-local' at Mon, 12 Apr 2021 14:21:26 +0000. Up 6.59 seconds.
         Starting Load AppArmor profiles managed internally by snapd...
[[0;32m  OK  [0m] Started Set console font and keymap.
[[0;32m  OK  [0m] Started Initial cloud-init job (pre-networking).
[[0;32m  OK  [0m] Started Load AppArmor profiles managed internally by snapd.
[[0;32m  OK  [0m] Reached target Network (Pre).
         Starting Raise network interfaces...
[[0;32m  OK  [0m] Created slice system-getty.slice.
[[0;32m  OK  [0m] Started Raise network interfaces.
[[0;32m  OK  [0m] Reached target Network.
         Starting Initial cloud-init job (metadata service crawler)...
[    8.612124] cloud-init[949]: Cloud-init v. 20.4.1-0ubuntu1~16.04.1 running 'init' at Mon, 12 Apr 2021 14:21:27 +0000. Up 8.00 seconds.
[    8.622550] cloud-init[949]: ci-info: ++++++++++++++++++++++++++++++++++++++Net device info+++++++++++++++++++++++++++++++++++++++
[    8.640790] cloud-init[949]: ci-info: +--------+-------+----------------------------+---------------+--------+-------------------+
[    8.643613] cloud-init[949]: ci-info: | Device |   Up  |          Address           |      Mask     | Scope  |     Hw-Address    |
[    8.650889] cloud-init[949]: ci-info: +--------+-------+----------------------------+---------------+--------+-------------------+
[    8.654782] cloud-init[949]: ci-info: | enp0s3 |  True |         10.0.2.15          | 255.255.255.0 | global | 02:b5:11:9f:b1:da |
[    8.664979] cloud-init[949]: ci-info: | enp0s3 |  True | fe80::b5:11ff:fe9f:b1da/64 |       .       |  link  | 02:b5:11:9f:b1:da |
[    8.672809] cloud-init[949]: ci-info: | enp0s8 | False |             .              |       .       |   .    | 08:00:27:d7:60:08 |
[    8.676229] cloud-init[949]: ci-info: |   lo   |  True |         127.0.0.1          |   255.0.0.0   |  host  |         .         |
[    8.677954] cloud-init[949]: ci-info: |   lo   |  True |          ::1/128           |       .       |  host  |         .         |
[    8.679897] cloud-init[949]: ci-info: +--------+-------+----------------------------+---------------+--------+-------------------+
[    8.688522] cloud-init[949]: ci-info: +++++++++++++++++++++++++++Route IPv4 info++++++++++++++++++++++++++++
[    8.696988] cloud-init[949]: ci-info: +-------+-------------+----------+---------------+-----------+-------+
[    8.698612] cloud-init[949]: ci-info: | Route | Destination | Gateway  |    Genmask    | Interface | Flags |
[    8.700544] cloud-init[949]: ci-info: +-------+-------------+----------+---------------+-----------+-------+
[    8.708713] cloud-init[949]: ci-info: |   0   |   0.0.0.0   | 10.0.2.2 |    0.0.0.0    |   enp0s3  |   UG  |
[[0;32m  OK  [0m] Started Initial cloud-init job (metadata service crawler).
[    8.709029] cloud-init[949]: ci-info: |   1   |   10.0.2.0  | 0.0.0.0  | 255.255.255.0 |   enp0s3  |   U   |
[    8.720406] cloud-init[949]: ci-info: +-------+-------------+----------+---------------+-----------+-------+
[    8.720763] cloud-init[949]: ci-info: +++++++++++++++++++Route IPv6 info+++++++++++++++++++
[[0;32m  OK  [0m] Reached target Network is Online.
[    8.720985] cloud-init[949]: ci-info: +-------+-------------+---------+-----------+-------+
[    8.724485] cloud-init[949]: ci-info: | Route | Destination | Gateway | Interface | Flags |
[    8.732615] cloud-init[949]: ci-info: +-------+-------------+---------+-----------+-------+
[    8.735509] cloud-init[949]: ci-info: |   0   |  fe80::/64  |    ::   |   enp0s3  |   U   |
[    8.737663] cloud-init[949]: ci-info: |   3   |   ff00::/8  |    ::   |   enp0s3  |   U   |
[    8.748515] cloud-init[949]: ci-info: +-------+-------------+---------+-----------+-------+
[    8.749732] cloud-init[949]: Generating public/private rsa key pair.
[    8.750376] cloud-init[949]: Your identification has been saved in /etc/ssh/ssh_host_rsa_key.
[    8.750802] cloud-init[949]: Your public key has been saved in /etc/ssh/ssh_host_rsa_key.pub.         
Starting iSCSI initiator daemon (iscsid)...
[    8.750894] cloud-init[949]: The key fingerprint is:
[    8.760539] cloud-init[949]: SHA256:bBUMWWsi8ggdKJSS8X6vjvRkZ3UmRtkQHrlQkMGQewY root@ubuntu-xenial
[    8.760733] [cloud-init[0;32m  OK  [0m[949]: ] The key's randomart image is:Reached target System Initialization.

[    8.760816] cloud-init[949]: +---[RSA 2048]----+
[    8.761000] cloud-init[949]: |o+..o+o=*Bo      |
[    8.761417] cloud-init[949]: |+o..E.+.o=.o     |
[    8.777003] cloud-init[949]: |..o oo..=.=      |
[    8.777335] cloud-init[949]: | . ..+o+.+       |
[[0;32m  OK  [0m] Started Daily apt download activities.
[    8.777718] cloud-init[949]: |  . oo. S o      |
[    8.785449] cloud-init[949]: |   . . + +       |
[    8.786072] cloud-init[949]: |  . o +          |
[[0;32m  OK  [0m] Listening on UUID daemon activation socket.
[    8.786237] cloud-init[949]: | . = +           |
[    8.792626] cloud-init[949]: |  ..+            |
[    8.792903] cloud-init[949]: +----[SHA256]-----+
         Starting Socket activation for snappy daemon.
[    8.792987] cloud-init[949]: Generating public/private dsa key pair.
[[0;32m  OK  [0m] Started Daily apt upgrade and clean activities.
[[    8.795569] [0;32m  OK  [0mcloud-init] [949]: Started Message of the Day.Your identification has been saved in /etc/ssh/ssh_host_dsa_key.

[    8.806112] cloud-init[949]: Your public key has been saved in /etc/ssh/ssh_host_dsa_key.pub.
[    8.806284] [cloud-init[0;32m  OK  [0m[949]: ] The key fingerprint is:Started Daily Cleanup of Temporary Directories.

[    8.806342] cloud-init[949]: SHA256:zewCPi2TsgAklzbqJ95YQKVqspYx9Io1zFHOV4WpRSA root@ubuntu-xenial
[    8.806681] cloud-init[949]: The key's randomart image is:
[[0;32m  OK  [0m] Listening on D-Bus System Message Bus Socket.
[[    8.817308] cloud-init[949]: +---[DSA 1024]----+
[    8.825158] cloud-init[949]: |   .E .oo+.      |
[0;32m  OK  [0m] Listening on ACPID Listen Socket.
[    8.825558] cloud-init[949]: |  o= . .+        |
[    8.827118] cloud-init[949]: |.=* o .o         |
[    8.832642] cloud-init[949]: |**.o ..  +       |
[    8.832883] cloud-init[949]: |===.  . S +      |
[    8.832961] cloud-init[949]: |=+*. . + .       |
[[0;32m  OK  [0m] Started ACPI Events Check.
[    8.833446] cloud-init[949]: |o*.o. * o .      |
[    8.833491] cloud-init[949]: |o *. o + .       |
[    8.833537] cloud-init[949]: | o ..            |
[[0;32m  OK  [0m] Reached target Paths.
[    8.840698] cloud-init[949]: +----[SHA256]-----+
[    8.850628] cloud-init[949]: Generating public/private ecdsa key pair.
[    8.851214] cloud-init[949]: Your identification has been saved in /etc/ssh/ssh_host_ecdsa_key.
         Starting LXD - unix socket.
[    8.851912] cloud-init[949]: Your public key has been saved in /etc/ssh/ssh_host_ecdsa_key.pub.
[    8.853912] cloud-init[949]: The key fingerprint is:
[    8.854232] cloud-init[949]: SHA256:x59fCr8LHoKSy69kDK7CNq5e7/X++SLj2rde8r4tg0g root@ubuntu-xenial
[[0;32m  OK  [0m] Reached target Timers.
[[    8.854403] [0;32m  OK  [0mcloud-init] [949]: Reached target Cloud-config availability.The key's randomart image is:

[    8.869384] cloud-init[949]: +---[ECDSA 256]---+
[    8.870282] cloud-init[949]: |                 |
[    8.876535] cloud-init[949]: |                 |
[    8.876810] cloud-init[949]: |                 |
[    8.876987] cloud-init[949]: |         .       |
[    8.877103] cloud-init[949]: |    .   S o      |
[    8.877195] cloud-init[949]: |   . o . E . .   |
[[0;32m  OK  [0m] Listening on Socket activation for snappy daemon.
[    8.877283] cloud-init[949]: |.  .. *.o o.B.  .|
[[0;32m  OK  [0m] Listening on LXD - unix socket.
[    8.880370] cloud-init[949]: |.+...+.oo+ *=O.o |
[    8.882819] cloud-init[949]: |*+o .o++==*=*=X+ |
[    8.883148] cloud-init[949]: +----[SHA256]-----+
[[0;32m  OK  [0m] Started iSCSI initiator daemon (iscsid).
[    8.883856] cloud-init[949]: Generating public/private ed25519 key pair.
[    8.887013] cloud-init[949]: Your identification has been saved in /etc/ssh/ssh_host_ed25519_key.
[    8.888168] cloud-init[949]: Your public key has been saved in /etc/ssh/ssh_host_ed25519_key.pub.
[    8.889606] cloud-init[949]: The key fingerprint is:
[    8.891418] cloud-init[949]: SHA256:N3mzG/pN2+jAvpYqAYsE5/vEhVVmbzCut9tTIiSivzs root@ubuntu-xenial
[    8.893078] cloud-init[949]: The key's randomart image is:
[    8.893512] cloud-init[949]: +--[ED25519 256]--+
         Starting Login to default iSCSI targets...
[[    8.893686] cloud-init[949]: |         .*      |
[    8.896309] cloud-init[949]: |  . .   .+ +     |
[    8.896903] cloud-init[949]: |   +   o  . o    |
[    8.897448] cloud-init[949]: |    o + o..o     |
[    8.897847] cloud-init[949]: |   . = =So= o    |
[    8.898281] cloud-init[949]: |    + + .o.=.o.  |
[    8.899021] cloud-init[949]: |     +   ...=+.  |
[    8.900987] cloud-init[949]: |      E .  =+* + |
[    8.901253] cloud-init[949]: |      o+ .++*+= .|
[    8.901413] cloud-init[949]: +----[SHA256]-----+
[0;32m  OK  [0m] Reached target Sockets.
[[0;32m  OK  [0m] Reached target Basic System.
         Starting LSB: MD monitoring daemon...
         Starting Virtualbox guest utils...
         Starting System Logging Service...
         Starting Pollinate to seed the pseudo random number generator...
[[0;32m  OK  [0m] Started D-Bus System Message Bus.
         Starting Accounts Service...
[[0;32m  OK  [0m] Started ACPI event daemon.
[[0;32m  OK  [0m] Started Regular background program processing daemon.
         Starting Login Service...
         Starting /etc/rc.local Compatibility...
         Starting LSB: Record successful boot for GRUB...
         Starting Snap Daemon...
[[0;32m  OK  [0m] Started Deferred execution scheduler.
[[0;32m  OK  [0m] Started FUSE filesystem for LXC.
         Starting LXD - container startup/shutdown...
[[0;32m  OK  [0m] Started System Logging Service.
[[0;32m  OK  [0m] Started /etc/rc.local Compatibility.
         Starting Authenticate and Authorize Users to Run Privileged Tasks...
[[0;32m  OK  [0m] Started LSB: Record successful boot for GRUB.
[[0;32m  OK  [0m] Started Login Service.
[[0;32m  OK  [0m] Started Unattended Upgrades Shutdown.
[[0;32m  OK  [0m] Started LSB: MD monitoring daemon.
[[0;32m  OK  [0m] Started Login to default iSCSI targets.
[[0;32m  OK  [0m] Reached target Remote File Systems (Pre).
[[0;32m  OK  [0m] Reached target Remote File Systems.
         Starting Permit User Sessions...
         Starting LSB: daemon to balance interrupts for SMP systems...
         Starting LSB: Set the CPU Frequency Scaling governor to "ondemand"...
         Starting LSB: automatic crash report generation...
[[0;32m  OK  [0m] Started Permit User Sessions.
[[0;32m  OK  [0m] Started Authenticate and Authorize Users to Run Privileged Tasks.
         Starting Terminate Plymouth Boot Screen...
         Starting Hold until boot process finishes up...
[[0;32m  OK  [0m] Started Hold until boot process finishes up.
[[0;32m  OK  [0m] Started Terminate Plymouth Boot Screen.
[[0;32m  OK  [0m] Started Getty on tty1.
[[0;32m  OK  [0m] Started Serial Getty on ttyS0.
[[0;32m  OK  [0m] Reached target Login Prompts.
         Starting Set console scheme...
[[0;32m  OK  [0m] Started LSB: daemon to balance interrupts for SMP systems.
[[0;32m  OK  [0m] Started Set console scheme.
[[0;32m  OK  [0m] Started Accounts Service.
[[0;32m  OK  [0m] Started LSB: Set the CPU Frequency Scaling governor to "ondemand".
[[0;32m  OK  [0m] Started LXD - container startup/shutdown.
[[0;32m  OK  [0m] Started LSB: automatic crash report generation.
[[0;32m  OK  [0m] Started Virtualbox guest utils.
[[0;32m  OK  [0m] Started Pollinate to seed the pseudo random number generator.
         Starting OpenBSD Secure Shell server...
[[0;32m  OK  [0m] Started OpenBSD Secure Shell server.
[[0;32m  OK  [0m] Started Snap Daemon.
         Starting Wait until snapd is fully seeded...
[[0;32m  OK  [0m] Started Wait until snapd is fully seeded.
[[0;32m  OK  [0m] Reached target Multi-User System.
[[0;32m  OK  [0m] Reached target Graphical Interface.
         Starting Update UTMP about System Runlevel Changes...
         Starting Apply the settings specified in cloud-config...
[[0;32m  OK  [0m] Started Update UTMP about System Runlevel Changes.
[   11.204888] cloud-init[1290]: Generating locales (this might take a while)...
[   12.264551] cloud-init[1290]:   en_US.UTF-8... done
[   12.272616] cloud-init[1290]: Generation complete.
[[0;32m  OK  [0m] Created slice User Slice of vagrant.
         Starting User Manager for UID 1000...
[[0;32m  OK  [0m] Started Session 1 of user vagrant.
[[0;32m  OK  [0m] Started User Manager for UID 1000.
[   12.921185] cloud-init[1290]: Cloud-init v. 20.4.1-0ubuntu1~16.04.1 running 'modules:config' at Mon, 12 Apr 2021 14:21:30 +0000. Up 11.07 seconds.
[[0;32m  OK  [0m] Started Apply the settings specified in cloud-config.
         Starting Execute cloud user/final scripts...
ci-info: no authorized SSH keys fingerprints found for user ubuntu.
<14>Apr 12 14:21:33 ec2: 
<14>Apr 12 14:21:33 ec2: #############################################################
<14>Apr 12 14:21:33 ec2: -----BEGIN SSH HOST KEY FINGERPRINTS-----
<14>Apr 12 14:21:33 ec2: 1024 SHA256:zewCPi2TsgAklzbqJ95YQKVqspYx9Io1zFHOV4WpRSA root@ubuntu-xenial (DSA)
<14>Apr 12 14:21:33 ec2: 256 SHA256:x59fCr8LHoKSy69kDK7CNq5e7/X++SLj2rde8r4tg0g root@ubuntu-xenial (ECDSA)
<14>Apr 12 14:21:33 ec2: 256 SHA256:N3mzG/pN2+jAvpYqAYsE5/vEhVVmbzCut9tTIiSivzs root@ubuntu-xenial (ED25519)
<14>Apr 12 14:21:33 ec2: 2048 SHA256:bBUMWWsi8ggdKJSS8X6vjvRkZ3UmRtkQHrlQkMGQewY root@ubuntu-xenial (RSA)
<14>Apr 12 14:21:33 ec2: -----END SSH HOST KEY FINGERPRINTS-----
<14>Apr 12 14:21:33 ec2: #############################################################
-----BEGIN SSH HOST KEY KEYS-----
ecdsa-sha2-nistp256 AAAAE2VjZHNhLXNoYTItbmlzdHAyNTYAAAAIbmlzdHAyNTYAAABBBNMKYMUui8a1sjKraH7DZ846o2oQ1FPEyFZfOmE92DWg+vu5eoc78VxArgCUmVEqiLJ+/on6SQ9Z7WOBuofFMdM= root@ubuntu-xenial
ssh-ed25519 AAAAC3NzaC1lZDI1NTE5AAAAINNnN+RoJgpjZq8nSVn/bzTBeXJ+s/1B35Vo99Megjja root@ubuntu-xenial
ssh-rsa AAAAB3NzaC1yc2EAAAADAQABAAABAQDQbTBqNbKKfZJkHLJc+hwLNAC7/N2/SCLmuFnqRno/VI84u+4oJ/tKRzGxT9LMck9i0kVgqTWTmr5eYlY8U1Oms2w3EFn6bzIpW233cp/W+8q26YfJ6XLhlYNntoBTx+v0wCS5HNH0oYRpx2JRkEbe6HZynDoyHQCNb2fKUACEIyLj3tjx6+4qvxih22jaQZniCA9M8Ygzxap2uxG3UjZwMzVvZ6l423v79Q0+Iy23NM1RSvL/sEP+oC8Lq44igCq6PECcI9d9plbVZaVe8k6M5ce62JFAu9/5eaTEMXXeC/gEumszboFIZdF3h+mdx/A+PCTEvXUW/cqF9ij2tGYb root@ubuntu-xenial
-----END SSH HOST KEY KEYS-----
[   14.174938] cloud-init[1391]: Cloud-init v. 20.4.1-0ubuntu1~16.04.1 running 'modules:final' at Mon, 12 Apr 2021 14:21:33 +0000. Up 13.83 seconds.
[   14.188542] cloud-init[1391]: ci-info: no authorized SSH keys fingerprints found for user ubuntu.
[   14.192469] cloud-init[1391]: Cloud-init v. 20.4.1-0ubuntu1~16.04.1 finished at Mon, 12 Apr 2021 14:21:33 +0000. Datasource DataSourceNoCloud [seed=/dev/sdb][dsmode=net].  Up 14.14 seconds

Ubuntu 16.04.7 LTS ubuntu-xenial ttyS0

ubuntu-xenial login: 